<?xml version="1.0" encoding="UTF-8"?>
<!-- Generated by org.testng.reporters.JUnitXMLReporter -->
<testsuite hostname="LAPTOP-BQFGCDI1" ignored="2" name="Test" tests="4" failures="0" timestamp="02 Feb 2022 02:05:32 GMT" time="107.502" errors="0">
  <testcase name="CreateOrgTest" time="12.542" classname="com.crm.comcast.orgTest.OrgTest"/>
  <testcase name="CreateOrgWithIndustriesTest" time="11.679" classname="com.crm.comcast.orgTest.OrgTest"/>
  <testcase name="createContact" time="11.639" classname="com.crm.comcast.contactTest.ContactTest"/>
  <testcase name="createContactWithOrgTest" time="28.844" classname="com.crm.comcast.contactTest.ContactTest"/>
  <testcase name="@BeforeSuite cinfigBS" time="0.0" classname="com.crm.comcast.objectrepositorylib.BaseClass">
    <ignored/>
  </testcase> <!-- @BeforeSuite cinfigBS -->
  <testcase name="@AfterSuite configAS" time="0.0" classname="com.crm.comcast.objectrepositorylib.BaseClass">
    <ignored/>
  </testcase> <!-- @AfterSuite configAS -->
</testsuite> <!-- Test -->
