<?xml version="1.0" encoding="UTF-8"?>
<!-- Generated by org.testng.reporters.JUnitXMLReporter -->
<testsuite hostname="LAPTOP-BQFGCDI1" ignored="4" name="Test" tests="2" failures="0" timestamp="02 Feb 2022 02:09:22 GMT" time="53.254" errors="0">
  <testcase name="CreateOrgTest" time="12.141" classname="com.crm.comcast.orgTest.OrgTest"/>
  <testcase name="createContact" time="10.943" classname="com.crm.comcast.contactTest.ContactTest"/>
  <testcase name="@BeforeSuite cinfigBS" time="0.0" classname="com.crm.comcast.objectrepositorylib.BaseClass">
    <ignored/>
  </testcase> <!-- @BeforeSuite cinfigBS -->
  <testcase name="createContactWithOrgTest" time="0.0" classname="com.crm.comcast.contactTest.ContactTest">
    <ignored/>
  </testcase> <!-- createContactWithOrgTest -->
  <testcase name="CreateOrgWithIndustriesTest" time="0.0" classname="com.crm.comcast.orgTest.OrgTest">
    <ignored/>
  </testcase> <!-- CreateOrgWithIndustriesTest -->
  <testcase name="@AfterSuite configAS" time="0.0" classname="com.crm.comcast.objectrepositorylib.BaseClass">
    <ignored/>
  </testcase> <!-- @AfterSuite configAS -->
</testsuite> <!-- Test -->
